<html>
<head>
<title>TestNG:  Surefire test</title>
<link href="../testng.css" rel="stylesheet" type="text/css" />
<link href="../my-testng.css" rel="stylesheet" type="text/css" />

<style type="text/css">
.log { display: none;} 
.stack-trace { display: none;} 
</style>
<script type="text/javascript">
<!--
function flip(e) {
  current = e.style.display;
  if (current == 'block') {
    e.style.display = 'none';
    return 0;
  }
  else {
    e.style.display = 'block';
    return 1;
  }
}

function toggleBox(szDivId, elem, msg1, msg2)
{
  var res = -1;  if (document.getElementById) {
    res = flip(document.getElementById(szDivId));
  }
  else if (document.all) {
    // this is the way old msie versions work
    res = flip(document.all[szDivId]);
  }
  if(elem) {
    if(res == 0) elem.innerHTML = msg1; else elem.innerHTML = msg2;
  }

}

function toggleAllBoxes() {
  if (document.getElementsByTagName) {
    d = document.getElementsByTagName('div');
    for (i = 0; i < d.length; i++) {
      if (d[i].className == 'log') {
        flip(d[i]);
      }
    }
  }
}

// -->
</script>

</head>
<body>
<h2 align='center'>Surefire test</h2><table border='1' align="center">
<tr>
<td>Tests passed/Failed/Skipped:</td><td>7/1/0</td>
</tr><tr>
<td>Started on:</td><td>Fri Aug 30 01:15:08 IST 2024</td>
</tr>
<tr><td>Total time:</td><td>137 seconds (137636 ms)</td>
</tr><tr>
<td>Included groups:</td><td></td>
</tr><tr>
<td>Excluded groups:</td><td></td>
</tr>
</table><p/>
<small><i>(Hover the method name to see the test class name)</i></small><p/>
<table width='100%' border='1' class='invocation-failed'>
<tr><td colspan='4' align='center'><b>FAILED TESTS</b></td></tr>
<tr><td><b>Test method</b></td>
<td><b>Attribute(s)</b></td>
<td width="30%"><b>Exception</b></td>
<td width="10%"><b>Time (seconds)</b></td>
<td><b>Instance</b></td>
</tr>
<tr>
<td title='Runner.runner.runScenario()'><b>runScenario</b><br>Test class: Runner.runner<br>Test method: Runs Cucumber Scenarios<br>Parameters: "Verifying the working functionality of wishlist", "Car Accessories"</td>
<td><div><pre>org.openqa.selenium.TimeoutException: Expected condition failed: waiting for visibility of element located by By.xpath: //*[.=&apos;Login / Register&apos;] (tried for 10 second(s) with 500 milliseconds interval)
Build info: version: &apos;4.23.0&apos;, revision: &apos;4df0a231af&apos;
System info: os.name: &apos;Windows 11&apos;, os.arch: &apos;amd64&apos;, os.version: &apos;10.0&apos;, java.version: &apos;22.0.1&apos;
Driver info: org.openqa.selenium.firefox.FirefoxDriver
Capabilities {acceptInsecureCerts: true, browserName: firefox, browserVersion: 129.0.1, moz:accessibilityChecks: false, moz:buildID: 20240812083845, moz:debuggerAddress: 127.0.0.1:33422, moz:geckodriverVersion: 0.35.0, moz:headless: false, moz:platformVersion: 10.0, moz:processID: 12092, moz:profile: C:\Users\PRINCE~1\AppData\L..., moz:shutdownTimeout: 60000, moz:webdriverClick: true, moz:windowless: false, pageLoadStrategy: normal, platformName: windows, proxy: Proxy(), se:cdp: ws://127.0.0.1:33422/devtoo..., se:cdpVersion: 85.0, setWindowRect: true, strictFileInteractability: false, timeouts: {implicit: 0, pageLoad: 300000, script: 30000}, unhandledPromptBehavior: dismiss and notify, userAgent: Mozilla/5.0 (Windows NT 10....}
Session ID: c444746d-4174-4095-b000-1251b544bb62
	at org.openqa.selenium.support.ui.WebDriverWait.timeoutException(WebDriverWait.java:84)
	at org.openqa.selenium.support.ui.FluentWait.until(FluentWait.java:228)
	at Steps.steps.login_box_should_get_opened(steps.java:312)
	at ✽.Login Box should get Opened(file:///C:/Users/Prince%20Raj/Documents/workspace-spring-tool-suite-4-4.23.1.RELEASE/Selenium_Cucumber_Project/src/test/resources/Feature%20Files/CarAccessories.feature:85)
</pre></div><a href='#' onClick='toggleBox("stack-trace407241000", this, "Click to show all stack frames", "Click to hide stack frames")'>Click to show all stack frames</a>
<div class='stack-trace' id='stack-trace407241000'><pre>org.openqa.selenium.TimeoutException: Expected condition failed: waiting for visibility of element located by By.xpath: //*[.=&apos;Login / Register&apos;] (tried for 10 second(s) with 500 milliseconds interval)
Build info: version: &apos;4.23.0&apos;, revision: &apos;4df0a231af&apos;
System info: os.name: &apos;Windows 11&apos;, os.arch: &apos;amd64&apos;, os.version: &apos;10.0&apos;, java.version: &apos;22.0.1&apos;
Driver info: org.openqa.selenium.firefox.FirefoxDriver
Capabilities {acceptInsecureCerts: true, browserName: firefox, browserVersion: 129.0.1, moz:accessibilityChecks: false, moz:buildID: 20240812083845, moz:debuggerAddress: 127.0.0.1:33422, moz:geckodriverVersion: 0.35.0, moz:headless: false, moz:platformVersion: 10.0, moz:processID: 12092, moz:profile: C:\Users\PRINCE~1\AppData\L..., moz:shutdownTimeout: 60000, moz:webdriverClick: true, moz:windowless: false, pageLoadStrategy: normal, platformName: windows, proxy: Proxy(), se:cdp: ws://127.0.0.1:33422/devtoo..., se:cdpVersion: 85.0, setWindowRect: true, strictFileInteractability: false, timeouts: {implicit: 0, pageLoad: 300000, script: 30000}, unhandledPromptBehavior: dismiss and notify, userAgent: Mozilla/5.0 (Windows NT 10....}
Session ID: c444746d-4174-4095-b000-1251b544bb62
	at org.openqa.selenium.support.ui.WebDriverWait.timeoutException(WebDriverWait.java:84)
	at org.openqa.selenium.support.ui.FluentWait.until(FluentWait.java:228)
	at Steps.steps.login_box_should_get_opened(steps.java:312)
	at ✽.Login Box should get Opened(file:///C:/Users/Prince%20Raj/Documents/workspace-spring-tool-suite-4-4.23.1.RELEASE/Selenium_Cucumber_Project/src/test/resources/Feature%20Files/CarAccessories.feature:85)
</pre></div></td>
<td>20</td>
<td>Runner.runner@1817d444</td></tr>
</table><p>
<table width='100%' border='1' class='invocation-passed'>
<tr><td colspan='4' align='center'><b>PASSED TESTS</b></td></tr>
<tr><td><b>Test method</b></td>
<td><b>Attribute(s)</b></td>
<td width="30%"><b>Exception</b></td>
<td width="10%"><b>Time (seconds)</b></td>
<td><b>Instance</b></td>
</tr>
<tr>
<td title='Runner.runner.runScenario()'><b>runScenario</b><br>Test class: Runner.runner<br>Test method: Runs Cucumber Scenarios<br>Parameters: "Verifying the working functionality of Products", "Car Accessories"</td>
<td></td>
<td>13</td>
<td>Runner.runner@1817d444</td></tr>
<tr>
<td title='Runner.runner.runScenario()'><b>runScenario</b><br>Test class: Runner.runner<br>Test method: Runs Cucumber Scenarios<br>Parameters: "Verifying the working functionality of Price Range", "Car Accessories"</td>
<td></td>
<td>18</td>
<td>Runner.runner@1817d444</td></tr>
<tr>
<td title='Runner.runner.runScenario()'><b>runScenario</b><br>Test class: Runner.runner<br>Test method: Runs Cucumber Scenarios<br>Parameters: "Verifying the working functionality of Product View", "Car Accessories"</td>
<td></td>
<td>16</td>
<td>Runner.runner@1817d444</td></tr>
<tr>
<td title='Runner.runner.runScenario()'><b>runScenario</b><br>Test class: Runner.runner<br>Test method: Runs Cucumber Scenarios<br>Parameters: "Verifying the working functionality of QuickView", "Car Accessories"</td>
<td></td>
<td>16</td>
<td>Runner.runner@1817d444</td></tr>
<tr>
<td title='Runner.runner.runScenario()'><b>runScenario</b><br>Test class: Runner.runner<br>Test method: Runs Cucumber Scenarios<br>Parameters: "Verifying the working functionality of Brand Search", "Car Accessories"</td>
<td></td>
<td>16</td>
<td>Runner.runner@1817d444</td></tr>
<tr>
<td title='Runner.runner.runScenario()'><b>runScenario</b><br>Test class: Runner.runner<br>Test method: Runs Cucumber Scenarios<br>Parameters: "Verifying the working functionality of COD in Car Utilities", "Car Accessories"</td>
<td></td>
<td>15</td>
<td>Runner.runner@1817d444</td></tr>
<tr>
<td title='Runner.runner.runScenario()'><b>runScenario</b><br>Test class: Runner.runner<br>Test method: Runs Cucumber Scenarios<br>Parameters: "Verifying the working functionality of TItle Image", "Car Accessories"</td>
<td></td>
<td>18</td>
<td>Runner.runner@1817d444</td></tr>
</table><p>
</body>
</html>